<?xml version="1.0" encoding="UTF-8"?>
<testsuite xmlns:xsi="http://www.w3.org/2001/XMLSchema-instance" xsi:noNamespaceSchemaLocation="https://maven.apache.org/surefire/maven-surefire-plugin/xsd/surefire-test-report-3.0.xsd" version="3.0" name="com.student.studentMS.StudentMsApplicationTests" time="3.812" tests="1" errors="0" skipped="0" failures="0">
  <properties>
[...]
</properties>
  <testcase name="contextLoads" classname="com.student.studentMS.StudentMsApplicationTests" time="0.75">
    <system-out><![CDATA[17:09:20.927 [main] INFO org.springframework.test.context.support.AnnotationConfigContextLoaderUtils -- Could not detect default configuration classes for test class [com.student.studentMS.StudentMsApplicationTests]: StudentMsApplicationTests does not declare any static, non-private, non-final, nested classes annotated with @Configuration.
17:09:21.037 [main] INFO org.springframework.boot.test.context.SpringBootTestContextBootstrapper -- Found @SpringBootConfiguration com.student.studentMS.StudentMsApplication for test class com.student.studentMS.StudentMsApplicationTests

  .   ____          _            __ _ _
 /\\ / ___'_ __ _ _(_)_ __  __ _ \ \ \ \
( ( )\___ | '_ | '_| | '_ \/ _` | \ \ \ \
 \\/  ___)| |_)| | | | | || (_| |  ) ) ) )
  '  |____| .__|_| |_|_| |_\__, | / / / /
 =========|_|==============|___/=/_/_/_/

 :: Spring Boot ::                (v3.3.1)

2024-06-25T17:09:21.474+05:30  INFO 18356 --- [studentMS] [           main] c.s.studentMS.StudentMsApplicationTests  : Starting StudentMsApplicationTests using Java 22.0.1 with PID 18356 (started by dinet in C:\Users\dinet\Downloads\studentMS\studentMS)
2024-06-25T17:09:21.476+05:30  INFO 18356 --- [studentMS] [           main] c.s.studentMS.StudentMsApplicationTests  : No active profile set, falling back to 1 default profile: "default"
2024-06-25T17:09:22.176+05:30  INFO 18356 --- [studentMS] [           main] .s.d.r.c.RepositoryConfigurationDelegate : Bootstrapping Spring Data MongoDB repositories in DEFAULT mode.
2024-06-25T17:09:22.239+05:30  INFO 18356 --- [studentMS] [           main] .s.d.r.c.RepositoryConfigurationDelegate : Finished Spring Data repository scanning in 57 ms. Found 1 MongoDB repository interface.
2024-06-25T17:09:22.717+05:30  INFO 18356 --- [studentMS] [           main] org.mongodb.driver.client                : MongoClient with metadata {"driver": {"name": "mongo-java-driver|sync|spring-boot", "version": "5.0.1"}, "os": {"type": "Windows", "name": "Windows 10", "architecture": "amd64", "version": "10.0"}, "platform": "Java/Oracle Corporation/22.0.1+8-16"} created with settings MongoClientSettings{readPreference=primary, writeConcern=WriteConcern{w=null, wTimeout=null ms, journal=null}, retryWrites=true, retryReads=true, readConcern=ReadConcern{level=null}, credential=MongoCredential{mechanism=null, userName='ganeypola', source='admin', password=<hidden>, mechanismProperties=<hidden>}, transportSettings=null, commandListeners=[], codecRegistry=ProvidersCodecRegistry{codecProviders=[ValueCodecProvider{}, BsonValueCodecProvider{}, DBRefCodecProvider{}, DBObjectCodecProvider{}, DocumentCodecProvider{}, CollectionCodecProvider{}, IterableCodecProvider{}, MapCodecProvider{}, GeoJsonCodecProvider{}, GridFSFileCodecProvider{}, Jsr310CodecProvider{}, JsonObjectCodecProvider{}, BsonCodecProvider{}, EnumCodecProvider{}, com.mongodb.client.model.mql.ExpressionCodecProvider@152c4495, com.mongodb.Jep395RecordCodecProvider@5ec1963c, com.mongodb.KotlinCodecProvider@7dcb42a9]}, loggerSettings=LoggerSettings{maxDocumentLength=1000}, clusterSettings={hosts=[127.0.0.1:27017], srvHost=studentdb.kcdsev1.mongodb.net, srvServiceName=mongodb, mode=MULTIPLE, requiredClusterType=REPLICA_SET, requiredReplicaSetName='atlas-x37gu4-shard-0', serverSelector='null', clusterListeners='[]', serverSelectionTimeout='30000 ms', localThreshold='15 ms'}, socketSettings=SocketSettings{connectTimeoutMS=10000, readTimeoutMS=0, receiveBufferSize=0, proxySettings=ProxySettings{host=null, port=null, username=null, password=null}}, heartbeatSocketSettings=SocketSettings{connectTimeoutMS=10000, readTimeoutMS=10000, receiveBufferSize=0, proxySettings=ProxySettings{host=null, port=null, username=null, password=null}}, connectionPoolSettings=ConnectionPoolSettings{maxSize=100, minSize=0, maxWaitTimeMS=120000, maxConnectionLifeTimeMS=0, maxConnectionIdleTimeMS=0, maintenanceInitialDelayMS=0, maintenanceFrequencyMS=60000, connectionPoolListeners=[], maxConnecting=2}, serverSettings=ServerSettings{heartbeatFrequencyMS=10000, minHeartbeatFrequencyMS=500, serverListeners='[]', serverMonitorListeners='[]'}, sslSettings=SslSettings{enabled=true, invalidHostNameAllowed=false, context=null}, applicationName='null', compressorList=[], uuidRepresentation=JAVA_LEGACY, serverApi=null, autoEncryptionSettings=null, dnsClient=null, inetAddressResolver=null, contextProvider=null}
2024-06-25T17:09:22.730+05:30  INFO 18356 --- [studentMS] [ev1.mongodb.net] org.mongodb.driver.cluster               : Adding discovered server ac-vifzerd-shard-00-00.kcdsev1.mongodb.net:27017 to client view of cluster
2024-06-25T17:09:22.753+05:30  INFO 18356 --- [studentMS] [ev1.mongodb.net] org.mongodb.driver.cluster               : Adding discovered server ac-vifzerd-shard-00-01.kcdsev1.mongodb.net:27017 to client view of cluster
2024-06-25T17:09:22.756+05:30  INFO 18356 --- [studentMS] [ev1.mongodb.net] org.mongodb.driver.cluster               : Adding discovered server ac-vifzerd-shard-00-02.kcdsev1.mongodb.net:27017 to client view of cluster
2024-06-25T17:09:23.540+05:30  INFO 18356 --- [studentMS] [ngodb.net:27017] org.mongodb.driver.cluster               : Monitor thread successfully connected to server with description ServerDescription{address=ac-vifzerd-shard-00-01.kcdsev1.mongodb.net:27017, type=REPLICA_SET_PRIMARY, state=CONNECTED, ok=true, minWireVersion=0, maxWireVersion=21, maxDocumentSize=16777216, logicalSessionTimeoutMinutes=30, roundTripTimeNanos=514336700, setName='atlas-x37gu4-shard-0', canonicalAddress=ac-vifzerd-shard-00-01.kcdsev1.mongodb.net:27017, hosts=[ac-vifzerd-shard-00-00.kcdsev1.mongodb.net:27017, ac-vifzerd-shard-00-01.kcdsev1.mongodb.net:27017, ac-vifzerd-shard-00-02.kcdsev1.mongodb.net:27017], passives=[], arbiters=[], primary='ac-vifzerd-shard-00-01.kcdsev1.mongodb.net:27017', tagSet=TagSet{[Tag{name='availabilityZone', value='aps1-az3'}, Tag{name='diskState', value='READY'}, Tag{name='nodeType', value='ELECTABLE'}, Tag{name='provider', value='AWS'}, Tag{name='region', value='AP_SOUTH_1'}, Tag{name='workloadType', value='OPERATIONAL'}]}, electionId=7fffffff000000000000003b, setVersion=49, topologyVersion=TopologyVersion{processId=667970e17cc30403befe6732, counter=6}, lastWriteDate=Tue Jun 25 17:09:24 IST 2024, lastUpdateTimeNanos=201305079963500}
2024-06-25T17:09:23.546+05:30  INFO 18356 --- [studentMS] [ngodb.net:27017] org.mongodb.driver.cluster               : Discovered replica set primary ac-vifzerd-shard-00-01.kcdsev1.mongodb.net:27017 with max election id 7fffffff000000000000003b and max set version 49
2024-06-25T17:09:23.549+05:30  INFO 18356 --- [studentMS] [ngodb.net:27017] org.mongodb.driver.cluster               : Monitor thread successfully connected to server with description ServerDescription{address=ac-vifzerd-shard-00-02.kcdsev1.mongodb.net:27017, type=REPLICA_SET_SECONDARY, state=CONNECTED, ok=true, minWireVersion=0, maxWireVersion=21, maxDocumentSize=16777216, logicalSessionTimeoutMinutes=30, roundTripTimeNanos=475356500, setName='atlas-x37gu4-shard-0', canonicalAddress=ac-vifzerd-shard-00-02.kcdsev1.mongodb.net:27017, hosts=[ac-vifzerd-shard-00-00.kcdsev1.mongodb.net:27017, ac-vifzerd-shard-00-01.kcdsev1.mongodb.net:27017, ac-vifzerd-shard-00-02.kcdsev1.mongodb.net:27017], passives=[], arbiters=[], primary='ac-vifzerd-shard-00-01.kcdsev1.mongodb.net:27017', tagSet=TagSet{[Tag{name='availabilityZone', value='aps1-az2'}, Tag{name='diskState', value='READY'}, Tag{name='nodeType', value='ELECTABLE'}, Tag{name='provider', value='AWS'}, Tag{name='region', value='AP_SOUTH_1'}, Tag{name='workloadType', value='OPERATIONAL'}]}, electionId=null, setVersion=49, topologyVersion=TopologyVersion{processId=6679736028873e7ba057f919, counter=3}, lastWriteDate=Tue Jun 25 17:09:24 IST 2024, lastUpdateTimeNanos=201305094315900}
2024-06-25T17:09:23.549+05:30  INFO 18356 --- [studentMS] [ngodb.net:27017] org.mongodb.driver.cluster               : Monitor thread successfully connected to server with description ServerDescription{address=ac-vifzerd-shard-00-00.kcdsev1.mongodb.net:27017, type=REPLICA_SET_SECONDARY, state=CONNECTED, ok=true, minWireVersion=0, maxWireVersion=21, maxDocumentSize=16777216, logicalSessionTimeoutMinutes=30, roundTripTimeNanos=476947400, setName='atlas-x37gu4-shard-0', canonicalAddress=ac-vifzerd-shard-00-00.kcdsev1.mongodb.net:27017, hosts=[ac-vifzerd-shard-00-00.kcdsev1.mongodb.net:27017, ac-vifzerd-shard-00-01.kcdsev1.mongodb.net:27017, ac-vifzerd-shard-00-02.kcdsev1.mongodb.net:27017], passives=[], arbiters=[], primary='ac-vifzerd-shard-00-01.kcdsev1.mongodb.net:27017', tagSet=TagSet{[Tag{name='availabilityZone', value='aps1-az1'}, Tag{name='diskState', value='READY'}, Tag{name='nodeType', value='ELECTABLE'}, Tag{name='provider', value='AWS'}, Tag{name='region', value='AP_SOUTH_1'}, Tag{name='workloadType', value='OPERATIONAL'}]}, electionId=null, setVersion=49, topologyVersion=TopologyVersion{processId=6679721741d04d508bde7518, counter=4}, lastWriteDate=Tue Jun 25 17:09:24 IST 2024, lastUpdateTimeNanos=201305094316000}
2024-06-25T17:09:23.807+05:30  INFO 18356 --- [studentMS] [           main] c.s.studentMS.StudentMsApplicationTests  : Started StudentMsApplicationTests in 2.636 seconds (process running for 3.557)
]]></system-out>
    <system-err><![CDATA[WARNING: A Java agent has been loaded dynamically (C:\Users\dinet\.m2\repository\net\bytebuddy\byte-buddy-agent\1.14.17\byte-buddy-agent-1.14.17.jar)
WARNING: If a serviceability tool is in use, please run with -XX:+EnableDynamicAgentLoading to hide this warning
WARNING: If a serviceability tool is not in use, please run with -Djdk.instrument.traceUsage for more information
WARNING: Dynamic loading of agents will be disallowed by default in a future release
]]></system-err>
  </testcase>
</testsuite>